<?xml version="1.0" encoding="UTF-8"?>
<!-- Generated by org.testng.reporters.JUnitReportReporter -->
<testsuite hostname="IND-TJaiswal" name="com.orangeHRM.commons.testscripts.TC001_VerifyAdminLoginCredentials" tests="2" failures="0" timestamp="4 Aug 2017 05:08:18 GMT" time="50.971" errors="0">
  <testcase name="verifyUserAccountdetails" time="42.210" classname="com.orangeHRM.commons.testscripts.TC001_VerifyAdminLoginCredentials"/>
  <testcase name="verifyLoginWithCreadentials" time="8.761" classname="com.orangeHRM.commons.testscripts.TC001_VerifyAdminLoginCredentials"/>
</testsuite> <!-- com.orangeHRM.commons.testscripts.TC001_VerifyAdminLoginCredentials -->
