<?xml version="1.0" encoding="UTF-8"?>
<!-- Generated by org.testng.reporters.JUnitReportReporter -->
<testsuite hostname="IND-TJaiswal" name="com.orangeHRM.commons.testscripts.TC001_VerifyAdminLoginCredentials" tests="2" failures="0" timestamp="3 Aug 2017 12:18:04 GMT" time="51.286" errors="0">
  <testcase name="verifyUserAccountdetails" time="42.325" classname="com.orangeHRM.commons.testscripts.TC001_VerifyAdminLoginCredentials"/>
  <testcase name="verifyLoginWithCreadentials" time="8.961" classname="com.orangeHRM.commons.testscripts.TC001_VerifyAdminLoginCredentials"/>
</testsuite> <!-- com.orangeHRM.commons.testscripts.TC001_VerifyAdminLoginCredentials -->
