<?xml version="1.0" encoding="UTF-8"?>
<!-- Generated by org.testng.reporters.JUnitReportReporter -->
<testsuite hostname="IND-TJaiswal" name="com.orangeHRM.commons.testscripts.TC001_VerifyAdminLoginCredentials" tests="2" failures="0" timestamp="3 Aug 2017 09:46:35 GMT" time="49.776" errors="0">
  <testcase name="verifyUserAccountdetails" time="40.902" classname="com.orangeHRM.commons.testscripts.TC001_VerifyAdminLoginCredentials"/>
  <testcase name="verifyLoginWithCreadentials" time="8.874" classname="com.orangeHRM.commons.testscripts.TC001_VerifyAdminLoginCredentials"/>
</testsuite> <!-- com.orangeHRM.commons.testscripts.TC001_VerifyAdminLoginCredentials -->
