<?xml version="1.0" encoding="UTF-8"?>
<!-- Generated by org.testng.reporters.JUnitReportReporter -->
<testsuite hostname="IND-TJaiswal" name="com.orangeHRM.commons.testscripts.TC003_AgainLoginAdminAndUser" tests="3" failures="0" timestamp="3 Aug 2017 12:26:35 GMT" time="27.110" errors="0">
  <testcase name="verifyApproavlByUser" time="8.075" classname="com.orangeHRM.commons.testscripts.TC003_AgainLoginAdminAndUser"/>
  <testcase name="verifyAdminLogin" time="5.109" classname="com.orangeHRM.commons.testscripts.TC003_AgainLoginAdminAndUser"/>
  <testcase name="verifyApprovalByAdmin" time="13.926" classname="com.orangeHRM.commons.testscripts.TC003_AgainLoginAdminAndUser"/>
</testsuite> <!-- com.orangeHRM.commons.testscripts.TC003_AgainLoginAdminAndUser -->
