<?xml version="1.0" encoding="UTF-8"?>
<!-- Generated by org.testng.reporters.JUnitReportReporter -->
<testsuite hostname="IND-TJaiswal" name="com.orangeHRM.commons.testscripts.TC002_VerifyUserLoginCredentials" tests="1" failures="0" timestamp="3 Aug 2017 09:46:35 GMT" time="25.912" errors="0">
  <testcase name="verifyUserLoginWithCreadentials" time="25.912" classname="com.orangeHRM.commons.testscripts.TC002_VerifyUserLoginCredentials"/>
</testsuite> <!-- com.orangeHRM.commons.testscripts.TC002_VerifyUserLoginCredentials -->
